make all --print-data-base --no-builtin-variables --no-builtin-rules --question
# GNU Make 3.81
# Copyright (C) 2006  Free Software Foundation, Inc.
# This is free software; see the source for copying conditions.
# There is NO warranty; not even for MERCHANTABILITY or FITNESS FOR A
# PARTICULAR PURPOSE.

# This program built for i386-apple-darwin11.3.0
 

# Make data base, printed on Wed Aug 31 14:21:17 2022

# Variables

# automatic
<D = $(patsubst %/,%,$(dir $<))
# automatic
?F = $(notdir $?)
# environment
ELECTRON_NO_ATTACH_CONSOLE = 1
# environment
VSCODE_LOG_NATIVE = false
# automatic
?D = $(patsubst %/,%,$(dir $?))
# makefile (from `Makefile', line 27)
CPPFLAGS = -I. -I./class -I./includes
# automatic
@D = $(patsubst %/,%,$(dir $@))
# automatic
@F = $(notdir $@)
# makefile
CURDIR := /Users/jrasser/cursus/ft_containers
# makefile
SHELL = /bin/sh
# makefile (from `Makefile', line 24)
RM = @rm -rf
# environment
VSCODE_NLS_CONFIG = {"locale":"fr","availableLanguages":{"*":"fr"},"_languagePackId":"25fe6a3290ec415596628d4afc87a88c.fr","_translationsConfigFile":"/goinfre/jrasser/code-portable-data/user-data/clp/25fe6a3290ec415596628d4afc87a88c.fr/tcf.json","_cacheRoot":"/goinfre/jrasser/code-portable-data/user-data/clp/25fe6a3290ec415596628d4afc87a88c.fr","_resolvedLanguagePackCoreLocation":"/goinfre/jrasser/code-portable-data/user-data/clp/25fe6a3290ec415596628d4afc87a88c.fr/c3511e6c69bb39013c4a4b7b9566ec1ca73fc4d5","_corruptedFile":"/goinfre/jrasser/code-portable-data/user-data/clp/25fe6a3290ec415596628d4afc87a88c.fr/corrupted.info","_languagePackSupport":true}
# environment
_ = /usr/bin/make
# makefile (from `Makefile', line 26)
CFLAGS = -std=c++98 -Wall -Wextra
# makefile (from `Makefile', line 1)
MAKEFILE_LIST :=  Makefile
# environment
VSCODE_VERBOSE_LOGGING = true
# makefile (from `Makefile', line 23)
OBJS = $(addprefix $(OBJS_DIR), $(notdir $(SRCS:.cpp=.o)))
# environment
VSCODE_IPC_HOOK_EXTHOST = /var/folders/zz/zyxvpxvq6csfxvn_n000cb240032rj/T/vscode-ipc-1a85d37b-5518-4636-b211-0d0a78d16069.sock
# environment
VSCODE_PORTABLE = /goinfre/jrasser/code-portable-data
# makefile (from `Makefile', line 22)
OBJS_DIR = objs/
# environment
PATH = /usr/local/bin:/usr/bin:/bin:/usr/sbin:/sbin:/usr/local/munki:/Library/Apple/usr/bin:/Users/jrasser/goinfre/homebrew/bin:/Users/jrasser/goinfre/Visual Studio Code.app/Contents/Resources/app/bin
# makefile (from `Makefile', line 17)
END = \033[0m
# makefile (from `Makefile', line 28)
DEBEUG = -g -fsanitize=address
# environment
LaunchInstanceID = 932EBC1C-A4A5-46F2-895E-E7EFB7E20BC1
# environment
VSCODE_LOG_STACK = false
# environment
ELECTRON_RUN_AS_NODE = 1
# default
.FEATURES := target-specific order-only second-expansion else-if archives jobserver check-symlink
# makefile (from `Makefile', line 14)
GRN = \033[0;32m
# environment
SSH_AUTH_SOCK = /private/tmp/com.apple.launchd.VXmMsYHL0m/Listeners
# automatic
%F = $(notdir $%)
# environment
VSCODE_PIPE_LOGGING = true
# environment
PWD = /Users/jrasser/cursus/ft_containers
# environment
VSCODE_CWD = /Users/jrasser/cursus/ft_containers
# environment
ORIGINAL_XDG_CURRENT_DESKTOP = undefined
# makefile (from `Makefile', line 13)
BLU = \033[0;34m
# environment
VSCODE_AMD_ENTRYPOINT = vs/workbench/api/node/extensionHostProcess
# environment
HOME = /Users/jrasser
# default
MAKEFILEPATH := /Applications/Xcode.app/Contents/Developer/Makefiles
# environment
VSCODE_CLI = 1
# environment
VSCODE_CODE_CACHE_PATH = /goinfre/jrasser/code-portable-data/user-data/CachedData/c3511e6c69bb39013c4a4b7b9566ec1ca73fc4d5
# environment
LOGNAME = jrasser
# environment
APPLICATION_INSIGHTS_NO_DIAGNOSTIC_CHANNEL = 1
# environment
VSCODE_HANDLES_UNCAUGHT_ERRORS = true
# automatic
^D = $(patsubst %/,%,$(dir $^))
# environment
XPC_FLAGS = 0x0
# environment
COLORTERM = truecolor
# default
MAKE = $(MAKE_COMMAND)
# environment
LC_TERMINAL = iTerm2
# makefile (from `Makefile', line 20)
SRCS = $(wildcard *.cpp) $(wildcard srcs/**.cpp)
# environment
SHLVL = 3
# makefile (from `Makefile', line 25)
CC = g++
# makefile (from `Makefile', line 16)
ERASE = \033[2K\r
# default
MAKE_VERSION := 3.81
# environment
USER = jrasser
# makefile (from `Makefile', line 18)
CHECK = ✓
# makefile
.DEFAULT_GOAL := prog
# default
MAKECMDGOALS := all
# environment
TERM_SESSION_ID = w2t0p0:C050154F-E584-4B98-A4DF-B10E0D8BFBFB
# makefile (from `Makefile', line 21)
NAME = prog
# automatic
%D = $(patsubst %/,%,$(dir $%))
# default
MAKE_COMMAND := /Applications/Xcode.app/Contents/Developer/usr/bin/make
# environment
TERM_PROGRAM = iTerm.app
# default
.VARIABLES := 
# environment
TMPDIR = /var/folders/zz/zyxvpxvq6csfxvn_n000cb240032rj/T/
# automatic
*F = $(notdir $*)
# environment
VSCODE_IPC_HOOK = /goinfre/jrasser/code-portable-data/user-data/1.67.2-main.sock
# makefile (from `Makefile', line 15)
RED = \033[0;31m
# makefile
MAKEFLAGS = Rrqp
# environment
MFLAGS = -Rrqp
# automatic
*D = $(patsubst %/,%,$(dir $*))
# environment
TERM_PROGRAM_VERSION = 3.4.15
# environment
XPC_SERVICE_NAME = 0
# environment
LC_TERMINAL_VERSION = 3.4.15
# automatic
+D = $(patsubst %/,%,$(dir $+))
# automatic
+F = $(notdir $+)
# environment
ITERM_SESSION_ID = w2t0p0:C050154F-E584-4B98-A4DF-B10E0D8BFBFB
# environment
COLORFGBG = 7;0
# environment
__CF_USER_TEXT_ENCODING = 0x18B11:0x0:0x0
# environment
COMMAND_MODE = unix2003
# default
MAKEFILES := 
# automatic
<F = $(notdir $<)
# environment
ITERM_PROFILE = Default
# environment
LC_ALL = C
# environment
SECURITYSESSIONID = 186db
# automatic
^F = $(notdir $^)
# default
SUFFIXES := 
# default
.INCLUDE_DIRS = /usr/local/include
# environment
MAKELEVEL := 0
# environment
LANG = C
# environment
TERM = xterm-256color
# environment
VSCODE_PID = 30144
# variable set hash-table stats:
# Load=91/1024=9%, Rehash=0, Collisions=10/132=8%

# Pattern-specific Variable Values

# No pattern-specific variable values.

# Directories

# . (device 16777225, inode 1999247): 12 files, no impossibilities.
# srcs: could not be stat'd.

# 12 files, no impossibilities in 2 directories.

# Implicit Rules

objs/%.o: *%.cpp
#  commands to execute (from `Makefile', line 31):
	@mkdir -p $(OBJS_DIR)
	@${CC} $(CPPFLAGS) -o $@ -c $< ${CFLAGS} ${DEBEUG}
	@printf	"$(ERASE) ${BLU}$ [BUILD]${RST} '$<' $(END)"
	

objs/%.o: srcs/**%.cpp
#  commands to execute (from `Makefile', line 36):
	@mkdir -p $(OBJS_DIR)
	@${CC} $(CPPFLAGS) -o $@ -c $< ${CFLAGS} ${DEBEUG}
	@printf	"$(ERASE) ${BLU}$ [BUILD]${RST} '$<' $(END)"
	

# 2 implicit rules, 0 (0.0%) terminal.

# Files

objs/main.o: main.cpp
#  Implicit rule search has been done.
#  Implicit/static pattern stem: `main'
#  File does not exist.
#  File has been updated.
#  Needs to be updated (-q is set).
# automatic
# @ := objs/main.o
# automatic
# % := 
# automatic
# * := main
# automatic
# + := main.cpp
# automatic
# | := 
# automatic
# < := main.cpp
# automatic
# ^ := main.cpp
# automatic
# ? := main.cpp
# variable set hash-table stats:
# Load=8/32=25%, Rehash=0, Collisions=4/23=17%
#  commands to execute (from `Makefile', line 31):
	@mkdir -p $(OBJS_DIR)
	@${CC} $(CPPFLAGS) -o $@ -c $< ${CFLAGS} ${DEBEUG}
	@printf	"$(ERASE) ${BLU}$ [BUILD]${RST} '$<' $(END)"
	

all: prog
#  Phony target (prerequisite of .PHONY).
#  Command-line target.
#  Implicit rule search has not been done.
#  File does not exist.
#  File has been updated.
#  Needs to be updated (-q is set).
# variable set hash-table stats:
# Load=0/32=0%, Rehash=0, Collisions=0/12=0%

.PHONY: all clean fclean re
#  Implicit rule search has not been done.
#  Modification time never checked.
#  File has not been updated.

# Not a target:
.SUFFIXES:
#  Implicit rule search has not been done.
#  Modification time never checked.
#  File has not been updated.

# Not a target:
Makefile:
#  Implicit rule search has been done.
#  Last modified 2022-08-31 14:19:39
#  File has been updated.
#  Successfully updated.
# variable set hash-table stats:
# Load=0/32=0%, Rehash=0, Collisions=0/0=0%

# Not a target:
main.cpp:
#  Implicit rule search has been done.
#  Last modified 2022-08-31 14:19:39
#  File has been updated.
#  Successfully updated.
# variable set hash-table stats:
# Load=0/32=0%, Rehash=0, Collisions=0/0=0%

prog: objs/main.o
#  Implicit rule search has not been done.
#  File does not exist.
#  File has been updated.
#  Needs to be updated (-q is set).
# variable set hash-table stats:
# Load=0/32=0%, Rehash=0, Collisions=0/12=0%
#  commands to execute (from `Makefile', line 41):
	@${CC} ${OBJS} -o $(NAME) ${CFLAGS} ${DEBEUG}
 
	@echo "$(ERASE)$(GRN) [Successfully compiled]$(END)	$(CHECK) \n"
	@echo "Executable ./$(NAME) \n"
	

fclean: clean
#  Phony target (prerequisite of .PHONY).
#  Implicit rule search has not been done.
#  File does not exist.
#  File has not been updated.
#  commands to execute (from `Makefile', line 52):
	${RM} ${NAME}
	@echo "$(GRN) [Fclean]$(END) 			$(CHECK)"
	

# Not a target:
.DEFAULT:
#  Implicit rule search has not been done.
#  Modification time never checked.
#  File has not been updated.

re: fclean all
#  Phony target (prerequisite of .PHONY).
#  Implicit rule search has not been done.
#  File does not exist.
#  File has not been updated.

clean:
#  Phony target (prerequisite of .PHONY).
#  Implicit rule search has not been done.
#  File does not exist.
#  File has not been updated.
#  commands to execute (from `Makefile', line 48):
	${RM} $(OBJS)
	@echo "$(GRN) [Clean]$(END) 			$(CHECK)"
	

# files hash-table stats:
# Load=11/1024=1%, Rehash=0, Collisions=0/36=0%
# VPATH Search Paths

# No `vpath' search paths.

# No general (`VPATH' variable) search path.

# # of strings in strcache: 1
# # of strcache buffers: 1
# strcache size: total = 4096 / max = 4096 / min = 4096 / avg = 4096
# strcache free: total = 4087 / max = 4087 / min = 4087 / avg = 4087

# Finished Make data base on Wed Aug 31 14:21:17 2022

 
